<?xml version="1.0" encoding="UTF-8"?>
<!-- Generated by org.testng.reporters.JUnitReportReporter -->
<testsuite skipped="0" hostname="User-PC" name="com.groupkt.constant.StringLetter" tests="2" failures="0" timestamp="03 Feb 2018 13:39:10 GMT" time="0.011" errors="0">
  <testcase name="builtMethod" time="0.001" classname="com.groupkt.constant.StringLetter"/>
  <testcase name="anothermethod" time="0.010" classname="com.groupkt.constant.StringLetter"/>
</testsuite> <!-- com.groupkt.constant.StringLetter -->
