<?xml version="1.0" encoding="UTF-8"?>
<!-- Generated by org.testng.reporters.JUnitReportReporter -->
<testsuite skipped="0" hostname="User-PC" name="com.groupkt.testcase.GetContry" tests="4" failures="0" timestamp="01 Feb 2018 07:04:04 GMT" time="4.089" errors="0">
  <testcase name="allCountry" time="2.621" classname="com.groupkt.testcase.GetContry"/>
  <testcase name="countryByTwoChar" time="0.476" classname="com.groupkt.testcase.GetContry"/>
  <testcase name="countryByThreeChar" time="0.489" classname="com.groupkt.testcase.GetContry"/>
  <testcase name="countryByAnyChar" time="0.503" classname="com.groupkt.testcase.GetContry"/>
</testsuite> <!-- com.groupkt.testcase.GetContry -->
