<?xml version="1.0" encoding="UTF-8"?>
<!-- Generated by org.testng.reporters.JUnitReportReporter -->
<testsuite skipped="0" hostname="User-PC" name="com.groupkt.testcase.TerritoryOfCountry" tests="3" failures="0" timestamp="01 Feb 2018 07:04:04 GMT" time="1.506" errors="0">
  <testcase name="allState" time="0.513" classname="com.groupkt.testcase.TerritoryOfCountry"/>
  <testcase name="searchStateByText" time="0.513" classname="com.groupkt.testcase.TerritoryOfCountry"/>
  <testcase name="searchStateByCountry" time="0.480" classname="com.groupkt.testcase.TerritoryOfCountry"/>
</testsuite> <!-- com.groupkt.testcase.TerritoryOfCountry -->
