<?xml version="1.0" encoding="UTF-8"?>
<!-- Generated by org.testng.reporters.JUnitReportReporter -->
<testsuite name="com.groupkt.testcase.TerritoryOfCountry" tests="3" time="1.516" ignored="0" failures="0" timestamp="02 Feb 2018 09:30:50 GMT" skipped="0" hostname="User-PC" errors="0">
  <testcase name="searchStateByCountry" time="0.501" classname="com.groupkt.testcase.TerritoryOfCountry"/>
  <testcase name="searchStateByText" time="0.502" classname="com.groupkt.testcase.TerritoryOfCountry"/>
  <testcase name="allState" time="0.513" classname="com.groupkt.testcase.TerritoryOfCountry"/>
</testsuite> <!-- com.groupkt.testcase.TerritoryOfCountry -->
