<?xml version="1.0" encoding="UTF-8"?>
<!-- Generated by org.testng.reporters.JUnitReportReporter -->
<testsuite name="com.groupkt.testcase.GetContry" tests="4" time="4.872" ignored="0" failures="0" timestamp="02 Feb 2018 09:30:50 GMT" skipped="0" hostname="User-PC" errors="0">
  <testcase name="allCountry" time="3.337" classname="com.groupkt.testcase.GetContry"/>
  <testcase name="countryByAnyChar" time="0.545" classname="com.groupkt.testcase.GetContry"/>
  <testcase name="countryByThreeChar" time="0.482" classname="com.groupkt.testcase.GetContry"/>
  <testcase name="countryByTwoChar" time="0.508" classname="com.groupkt.testcase.GetContry"/>
</testsuite> <!-- com.groupkt.testcase.GetContry -->
